<?xml version="1.0" encoding="UTF-8"?>
<robot generator="Robot 3.2.2 (Python 3.8.5 on win32)" generated="20210621 22:37:59.159" rpa="false">
<suite id="s1" name="apiTesting" source="C:\Users\walai\OneDrive\QA-Interview-Testing\apiTesting.robot">
<test id="s1-t1" name="Test List of Driver Job">
<kw name="Job List GET Request And Verify Status Success">
<kw name="Request Create Session">
<arguments>
<arg>GET</arg>
<arg>jobs</arg>
</arguments>
<kw name="Create Session" library="RequestsLibrary">
<doc>Create Session: create a HTTP session to a server</doc>
<arguments>
<arg>${attribute}</arg>
<arg>${url}</arg>
</arguments>
<msg timestamp="20210621 22:37:59.401" level="INFO">Creating Session using : alias=jobs, url=http://localhost:8080, headers={},                     cookies={}, auth=None, timeout=None, proxies=None, verify=False,                     debug=0 </msg>
<status status="PASS" starttime="20210621 22:37:59.400" endtime="20210621 22:37:59.401"></status>
</kw>
<kw name="Run Keyword If" library="BuiltIn">
<doc>Runs the given keyword with the given arguments, if ``condition`` is true.</doc>
<arguments>
<arg>'${method}' == 'GET'</arg>
<arg>GET On Session</arg>
<arg>${attribute}</arg>
<arg>/${attribute}</arg>
<arg>expected_status=200</arg>
</arguments>
<assign>
<var>${respGET}</var>
</assign>
<kw name="Get On Session" library="RequestsLibrary">
<doc>Sends a GET request on a previously created HTTP Session.</doc>
<arguments>
<arg>${attribute}</arg>
<arg>/${attribute}</arg>
<arg>expected_status=200</arg>
</arguments>
<msg timestamp="20210621 22:38:01.485" level="INFO">GET Request : url=http://localhost:8080/jobs 
 path_url=/jobs 
 headers={'User-Agent': 'python-requests/2.25.1', 'Accept-Encoding': 'gzip, deflate', 'Accept': '*/*', 'Connection': 'keep-alive'} 
 body=None 
 </msg>
<msg timestamp="20210621 22:38:01.485" level="INFO">GET Response : url=http://localhost:8080/jobs 
 status=200, reason=OK 
 headers={'X-Powered-By': 'Express', 'Vary': 'Origin, Accept-Encoding', 'Access-Control-Allow-Credentials': 'true', 'Cache-Control': 'no-cache', 'Pragma': 'no-cache', 'Expires': '-1', 'X-Content-Type-Options': 'nosniff', 'Content-Type': 'application/json; charset=utf-8', 'Content-Length': '245', 'ETag': 'W/"f5-VWCNjnQbqy1KCIDLZtIp4xDDkjU"', 'Date': 'Mon, 21 Jun 2021 15:38:01 GMT', 'Connection': 'keep-alive'} 
 body=[
  {
    "id": 1,
    "driver": 1,
    "tasks": [
      {
        "location": "A",
        "date": "16-05-2021",
        "id": 1
      },
      {
        "location": "B",
        "date": "16-05-2021",
        "id": 2
      }
    ]
  },
  null
] 
 </msg>
<status status="PASS" starttime="20210621 22:37:59.402" endtime="20210621 22:38:01.486"></status>
</kw>
<msg timestamp="20210621 22:38:01.486" level="INFO">${respGET} = &lt;Response [200]&gt;</msg>
<status status="PASS" starttime="20210621 22:37:59.402" endtime="20210621 22:38:01.486"></status>
</kw>
<kw name="Set Global Variable" library="BuiltIn">
<doc>Makes a variable available globally in all tests and suites.</doc>
<arguments>
<arg>${respGET}</arg>
</arguments>
<msg timestamp="20210621 22:38:01.487" level="INFO">${respGET} = &lt;Response [200]&gt;</msg>
<status status="PASS" starttime="20210621 22:38:01.486" endtime="20210621 22:38:01.487"></status>
</kw>
<status status="PASS" starttime="20210621 22:37:59.400" endtime="20210621 22:38:01.487"></status>
</kw>
<status status="PASS" starttime="20210621 22:37:59.399" endtime="20210621 22:38:01.487"></status>
</kw>
<status status="PASS" starttime="20210621 22:37:59.399" endtime="20210621 22:38:01.488" critical="yes"></status>
</test>
<test id="s1-t2" name="Test List of Boxs In Job">
<kw name="Box List GET Request">
<kw name="Request Create Session">
<arguments>
<arg>GET</arg>
<arg>boxs</arg>
</arguments>
<kw name="Create Session" library="RequestsLibrary">
<doc>Create Session: create a HTTP session to a server</doc>
<arguments>
<arg>${attribute}</arg>
<arg>${url}</arg>
</arguments>
<msg timestamp="20210621 22:38:01.495" level="INFO">Creating Session using : alias=boxs, url=http://localhost:8080, headers={},                     cookies={}, auth=None, timeout=None, proxies=None, verify=False,                     debug=0 </msg>
<status status="PASS" starttime="20210621 22:38:01.495" endtime="20210621 22:38:01.495"></status>
</kw>
<kw name="Run Keyword If" library="BuiltIn">
<doc>Runs the given keyword with the given arguments, if ``condition`` is true.</doc>
<arguments>
<arg>'${method}' == 'GET'</arg>
<arg>GET On Session</arg>
<arg>${attribute}</arg>
<arg>/${attribute}</arg>
<arg>expected_status=200</arg>
</arguments>
<assign>
<var>${respGET}</var>
</assign>
<kw name="Get On Session" library="RequestsLibrary">
<doc>Sends a GET request on a previously created HTTP Session.</doc>
<arguments>
<arg>${attribute}</arg>
<arg>/${attribute}</arg>
<arg>expected_status=200</arg>
</arguments>
<msg timestamp="20210621 22:38:03.565" level="INFO">GET Request : url=http://localhost:8080/boxs 
 path_url=/boxs 
 headers={'User-Agent': 'python-requests/2.25.1', 'Accept-Encoding': 'gzip, deflate', 'Accept': '*/*', 'Connection': 'keep-alive'} 
 body=None 
 </msg>
<msg timestamp="20210621 22:38:03.566" level="INFO">GET Response : url=http://localhost:8080/boxs 
 status=200, reason=OK 
 headers={'X-Powered-By': 'Express', 'Vary': 'Origin, Accept-Encoding', 'Access-Control-Allow-Credentials': 'true', 'Cache-Control': 'no-cache', 'Pragma': 'no-cache', 'Expires': '-1', 'X-Content-Type-Options': 'nosniff', 'Content-Type': 'application/json; charset=utf-8', 'Content-Length': '273', 'ETag': 'W/"111-u2Dd2w1X5sCX7QxBuHQAl2zUjBI"', 'Date': 'Mon, 21 Jun 2021 15:38:03 GMT', 'Connection': 'keep-alive'} 
 body=[
  {
    "id": 2,
    "boxes": [
      {
        "id": 1,
        "code": 111,
        "max": 3,
        "current": 0
      },
      {
        "id": 2,
        "code": 222,
        "max": 2,
        "current": 0
      }
    ]
  },
  {
    "current": "1",
    "id": 3
  }
] 
 </msg>
<status status="PASS" starttime="20210621 22:38:01.497" endtime="20210621 22:38:03.566"></status>
</kw>
<msg timestamp="20210621 22:38:03.566" level="INFO">${respGET} = &lt;Response [200]&gt;</msg>
<status status="PASS" starttime="20210621 22:38:01.495" endtime="20210621 22:38:03.566"></status>
</kw>
<kw name="Set Global Variable" library="BuiltIn">
<doc>Makes a variable available globally in all tests and suites.</doc>
<arguments>
<arg>${respGET}</arg>
</arguments>
<msg timestamp="20210621 22:38:03.567" level="INFO">${respGET} = &lt;Response [200]&gt;</msg>
<status status="PASS" starttime="20210621 22:38:03.566" endtime="20210621 22:38:03.567"></status>
</kw>
<status status="PASS" starttime="20210621 22:38:01.494" endtime="20210621 22:38:03.567"></status>
</kw>
<status status="PASS" starttime="20210621 22:38:01.492" endtime="20210621 22:38:03.567"></status>
</kw>
<kw name="Pre-Verify Box List">
<kw name="Set Variable" library="BuiltIn">
<doc>Returns the given values which can then be assigned to a variables.</doc>
<arguments>
<arg>${respGET.json()[0]}[boxes]</arg>
</arguments>
<assign>
<var>${boxes}</var>
</assign>
<msg timestamp="20210621 22:38:03.570" level="INFO">${boxes} = [{'id': 1, 'code': 111, 'max': 3, 'current': 0}, {'id': 2, 'code': 222, 'max': 2, 'current': 0}]</msg>
<status status="PASS" starttime="20210621 22:38:03.569" endtime="20210621 22:38:03.570"></status>
</kw>
<kw name="Get From List" library="Collections">
<doc>Returns the value specified with an ``index`` from ``list``.</doc>
<arguments>
<arg>${boxes}</arg>
<arg>0</arg>
</arguments>
<assign>
<var>${box1}</var>
</assign>
<msg timestamp="20210621 22:38:03.570" level="INFO">${box1} = {'id': 1, 'code': 111, 'max': 3, 'current': 0}</msg>
<status status="PASS" starttime="20210621 22:38:03.570" endtime="20210621 22:38:03.570"></status>
</kw>
<kw name="Get From List" library="Collections">
<doc>Returns the value specified with an ``index`` from ``list``.</doc>
<arguments>
<arg>${boxes}</arg>
<arg>1</arg>
</arguments>
<assign>
<var>${box2}</var>
</assign>
<msg timestamp="20210621 22:38:03.571" level="INFO">${box2} = {'id': 2, 'code': 222, 'max': 2, 'current': 0}</msg>
<status status="PASS" starttime="20210621 22:38:03.570" endtime="20210621 22:38:03.571"></status>
</kw>
<kw name="Convert To String" library="BuiltIn">
<doc>Converts the given item to a Unicode string.</doc>
<arguments>
<arg>${box1}</arg>
</arguments>
<assign>
<var>${box1_str}</var>
</assign>
<msg timestamp="20210621 22:38:03.572" level="INFO">${box1_str} = {'id': 1, 'code': 111, 'max': 3, 'current': 0}</msg>
<status status="PASS" starttime="20210621 22:38:03.571" endtime="20210621 22:38:03.572"></status>
</kw>
<kw name="Convert To String" library="BuiltIn">
<doc>Converts the given item to a Unicode string.</doc>
<arguments>
<arg>${box2}</arg>
</arguments>
<assign>
<var>${box2_str}</var>
</assign>
<msg timestamp="20210621 22:38:03.573" level="INFO">${box2_str} = {'id': 2, 'code': 222, 'max': 2, 'current': 0}</msg>
<status status="PASS" starttime="20210621 22:38:03.572" endtime="20210621 22:38:03.573"></status>
</kw>
<kw name="Should Be Equal" library="BuiltIn">
<doc>Fails if the given objects are unequal.</doc>
<arguments>
<arg>${box1_str}</arg>
<arg>${box1Info}</arg>
</arguments>
<status status="PASS" starttime="20210621 22:38:03.573" endtime="20210621 22:38:03.574"></status>
</kw>
<kw name="Should Be Equal" library="BuiltIn">
<doc>Fails if the given objects are unequal.</doc>
<arguments>
<arg>${box2_str}</arg>
<arg>${box2Info}</arg>
</arguments>
<status status="PASS" starttime="20210621 22:38:03.574" endtime="20210621 22:38:03.574"></status>
</kw>
<status status="PASS" starttime="20210621 22:38:03.568" endtime="20210621 22:38:03.575"></status>
</kw>
<status status="PASS" starttime="20210621 22:38:01.491" endtime="20210621 22:38:03.575" critical="yes"></status>
</test>
<test id="s1-t3" name="Test Scan Box">
<kw name="Post Request For Scan Box And Verify Status Success">
<kw name="Create Session" library="RequestsLibrary">
<doc>Create Session: create a HTTP session to a server</doc>
<arguments>
<arg>scan</arg>
<arg>${url}</arg>
</arguments>
<msg timestamp="20210621 22:38:03.580" level="INFO">Creating Session using : alias=scan, url=http://localhost:8080, headers={},                     cookies={}, auth=None, timeout=None, proxies=None, verify=False,                     debug=0 </msg>
<status status="PASS" starttime="20210621 22:38:03.579" endtime="20210621 22:38:03.581"></status>
</kw>
<kw name="Create Dictionary" library="BuiltIn">
<doc>Creates and returns a dictionary based on the given ``items``.</doc>
<arguments>
<arg>code=222</arg>
</arguments>
<assign>
<var>&amp;{data}</var>
</assign>
<msg timestamp="20210621 22:38:03.582" level="INFO">&amp;{data} = { code=222 }</msg>
<status status="PASS" starttime="20210621 22:38:03.581" endtime="20210621 22:38:03.582"></status>
</kw>
<kw name="Post On Session" library="RequestsLibrary">
<doc>Sends a POST request on a previously created HTTP Session.</doc>
<arguments>
<arg>scan</arg>
<arg>/scan</arg>
<arg>json=${data}</arg>
</arguments>
<assign>
<var>${resp}</var>
</assign>
<msg timestamp="20210621 22:38:05.675" level="INFO">POST Request : url=http://localhost:8080/scan 
 path_url=/scan 
 headers={'User-Agent': 'python-requests/2.25.1', 'Accept-Encoding': 'gzip, deflate', 'Accept': '*/*', 'Connection': 'keep-alive', 'Content-Length': '15', 'Content-Type': 'application/json'} 
 body=b'{"code": "222"}' 
 </msg>
<msg timestamp="20210621 22:38:05.675" level="INFO">POST Response : url=http://localhost:8080/scan 
 status=201, reason=Created 
 headers={'X-Powered-By': 'Express', 'Vary': 'Origin, X-HTTP-Method-Override, Accept-Encoding', 'Access-Control-Allow-Credentials': 'true', 'Cache-Control': 'no-cache', 'Pragma': 'no-cache', 'Expires': '-1', 'Access-Control-Expose-Headers': 'Location', 'Location': 'http://localhost:8080/scan/2', 'X-Content-Type-Options': 'nosniff', 'Content-Type': 'application/json; charset=utf-8', 'Content-Length': '30', 'ETag': 'W/"1e-TdtqVUMYL4wpT8E8Rv+zDFdPVhI"', 'Date': 'Mon, 21 Jun 2021 15:38:05 GMT', 'Connection': 'keep-alive'} 
 body={
  "code": "222",
  "id": 2
} 
 </msg>
<msg timestamp="20210621 22:38:05.676" level="INFO">${resp} = &lt;Response [201]&gt;</msg>
<status status="PASS" starttime="20210621 22:38:03.582" endtime="20210621 22:38:05.676"></status>
</kw>
<kw name="Status Should Be" library="RequestsLibrary">
<doc>Fails if response status code is different than the expected.</doc>
<arguments>
<arg>201</arg>
<arg>${resp}</arg>
</arguments>
<status status="PASS" starttime="20210621 22:38:05.676" endtime="20210621 22:38:05.677"></status>
</kw>
<status status="PASS" starttime="20210621 22:38:03.579" endtime="20210621 22:38:05.677"></status>
</kw>
<status status="PASS" starttime="20210621 22:38:03.577" endtime="20210621 22:38:05.679" critical="yes"></status>
</test>
<test id="s1-t4" name="Test Complete Job">
<kw name="Post Request For Complete Box And Verify Status Success">
<kw name="Create Session" library="RequestsLibrary">
<doc>Create Session: create a HTTP session to a server</doc>
<arguments>
<arg>done</arg>
<arg>${url}</arg>
</arguments>
<msg timestamp="20210621 22:38:05.684" level="INFO">Creating Session using : alias=done, url=http://localhost:8080, headers={},                     cookies={}, auth=None, timeout=None, proxies=None, verify=False,                     debug=0 </msg>
<status status="PASS" starttime="20210621 22:38:05.683" endtime="20210621 22:38:05.685"></status>
</kw>
<kw name="Create Dictionary" library="BuiltIn">
<doc>Creates and returns a dictionary based on the given ``items``.</doc>
<arguments>
<arg>id=2</arg>
</arguments>
<assign>
<var>&amp;{data}</var>
</assign>
<msg timestamp="20210621 22:38:05.686" level="INFO">&amp;{data} = { id=2 }</msg>
<status status="PASS" starttime="20210621 22:38:05.685" endtime="20210621 22:38:05.686"></status>
</kw>
<kw name="Post On Session" library="RequestsLibrary">
<doc>Sends a POST request on a previously created HTTP Session.</doc>
<arguments>
<arg>done</arg>
<arg>/done</arg>
<arg>json=${data}</arg>
</arguments>
<assign>
<var>${resp}</var>
</assign>
<msg timestamp="20210621 22:38:07.750" level="INFO">POST Request : url=http://localhost:8080/done 
 path_url=/done 
 headers={'User-Agent': 'python-requests/2.25.1', 'Accept-Encoding': 'gzip, deflate', 'Accept': '*/*', 'Connection': 'keep-alive', 'Content-Length': '11', 'Content-Type': 'application/json'} 
 body=b'{"id": "2"}' 
 </msg>
<msg timestamp="20210621 22:38:07.751" level="INFO">POST Response : url=http://localhost:8080/done 
 status=201, reason=Created 
 headers={'X-Powered-By': 'Express', 'Vary': 'Origin, X-HTTP-Method-Override, Accept-Encoding', 'Access-Control-Allow-Credentials': 'true', 'Cache-Control': 'no-cache', 'Pragma': 'no-cache', 'Expires': '-1', 'Access-Control-Expose-Headers': 'Location', 'Location': 'http://localhost:8080/done/2', 'X-Content-Type-Options': 'nosniff', 'Content-Type': 'application/json; charset=utf-8', 'Content-Length': '15', 'ETag': 'W/"f-VS+ePz4ptqSI69HKpKWitDFUO2Q"', 'Date': 'Mon, 21 Jun 2021 15:38:07 GMT', 'Connection': 'keep-alive'} 
 body={
  "id": "2"
} 
 </msg>
<msg timestamp="20210621 22:38:07.751" level="INFO">${resp} = &lt;Response [201]&gt;</msg>
<status status="PASS" starttime="20210621 22:38:05.686" endtime="20210621 22:38:07.751"></status>
</kw>
<kw name="Status Should Be" library="RequestsLibrary">
<doc>Fails if response status code is different than the expected.</doc>
<arguments>
<arg>201</arg>
<arg>${resp}</arg>
</arguments>
<status status="PASS" starttime="20210621 22:38:07.751" endtime="20210621 22:38:07.752"></status>
</kw>
<status status="PASS" starttime="20210621 22:38:05.683" endtime="20210621 22:38:07.752"></status>
</kw>
<status status="PASS" starttime="20210621 22:38:05.681" endtime="20210621 22:38:07.754" critical="yes"></status>
</test>
<status status="PASS" starttime="20210621 22:37:59.163" endtime="20210621 22:38:07.757"></status>
</suite>
<statistics>
<total>
<stat pass="4" fail="0">Critical Tests</stat>
<stat pass="4" fail="0">All Tests</stat>
</total>
<tag>
</tag>
<suite>
<stat pass="4" fail="0" id="s1" name="apiTesting">apiTesting</stat>
</suite>
</statistics>
<errors>
</errors>
</robot>
